<?xml version="1.0" encoding="UTF-8"?>
<!-- Generated by org.testng.reporters.JUnitReportReporter -->
<testsuite hostname="Omi" failures="0" tests="3" name="Runner.RunnerClass" time="16.760" errors="0" timestamp="2025-04-06T20:29:43 IST" skipped="0">
  <testcase classname="Runner.RunnerClass" name="runScenario" time="5.107"/>
  <system-out/>
  <testcase classname="Runner.RunnerClass" name="runScenario" time="3.981"/>
  <system-out/>
  <testcase classname="Runner.RunnerClass" name="runScenario" time="7.672"/>
  <system-out/>
</testsuite> <!-- Runner.RunnerClass -->
